<?xml version="1.0" encoding="UTF-8"?>
<!-- Generated by org.testng.reporters.JUnitXMLReporter -->
<testsuite hostname="Ahmetcans-Mini" ignored="0" name="Parallel Test" tests="2" failures="1" timestamp="11 Mar 2021 20:55:03 GMT" time="5.945" errors="0">
  <testcase name="loginTest" time="1.185" classname="com.qa.orangehrm.tests.LoginPageTest">
    <failure type="java.lang.AssertionError" message="expected [https://opensource-demo.orangehrmlive.com/index.php/dashboard!] but found [https://opensource-demo.orangehrmlive.com/index.php/dashboard]">
      <![CDATA[java.lang.AssertionError: expected [https://opensource-demo.orangehrmlive.com/index.php/dashboard!] but found [https://opensource-demo.orangehrmlive.com/index.php/dashboard]
at com.qa.orangehrm.tests.LoginPageTest.loginTest(LoginPageTest.java:59)
at java.util.concurrent.ThreadPoolExecutor.runWorker(ThreadPoolExecutor.java:1149)
at java.util.concurrent.ThreadPoolExecutor$Worker.run(ThreadPoolExecutor.java:624)
at java.lang.Thread.run(Thread.java:748)
... Removed 16 stack frames]]>
    </failure>
  </testcase> <!-- loginTest -->
  <testcase name="loginTest2" time="0.797" classname="com.qa.orangehrm.tests.LoginPageTest"/>
</testsuite> <!-- Parallel Test -->
